<?xml version="1.0" encoding="UTF-8"?>
<!-- Generated by org.testng.reporters.JUnitXMLReporter -->
<testsuite ignored="0" hostname="SriniRepala" failures="1" tests="1" name="openCartTest" time="6.89" errors="0" timestamp="2023-12-13T14:45:20 SAST">
  <testcase classname="com.qa.tests.TC_001_AccountRegistrationTest" name="test_account_registration" time="2.706">
    <failure type="java.lang.AssertionError" message="null">
      <![CDATA[java.lang.AssertionError: null
at com.qa.tests.TC_001_AccountRegistrationTest.test_account_registration(TC_001_AccountRegistrationTest.java:49)
at java.base/java.util.ArrayList.forEach(ArrayList.java:1511)
... Removed 27 stack frames]]>
    </failure>
  </testcase> <!-- test_account_registration -->
</testsuite> <!-- openCartTest -->
